<?xml version="1.0" encoding="UTF-8"?>
<testsuite name="com.hyemin.book.web.IndexControllerTest" tests="1" skipped="0" failures="0" errors="0" timestamp="2020-02-21T09:49:24" hostname="DESKTOP-QN8T3CI" time="0.482">
  <properties/>
  <testcase name="메인페이지_로딩" classname="com.hyemin.book.web.IndexControllerTest" time="0.482"/>
  <system-out><![CDATA[2020-02-21 18:49:19.667  INFO 1804 --- [    Test worker] .b.t.c.SpringBootTestContextBootstrapper : Neither @ContextConfiguration nor @ContextHierarchy found for test class [com.hyemin.book.web.IndexControllerTest], using SpringBootContextLoader
2020-02-21 18:49:19.669  INFO 1804 --- [    Test worker] o.s.t.c.support.AbstractContextLoader    : Could not detect default resource locations for test class [com.hyemin.book.web.IndexControllerTest]: no resource found for suffixes {-context.xml, Context.groovy}.
2020-02-21 18:49:19.669  INFO 1804 --- [    Test worker] t.c.s.AnnotationConfigContextLoaderUtils : Could not detect default configuration classes for test class [com.hyemin.book.web.IndexControllerTest]: IndexControllerTest does not declare any static, non-private, non-final, nested classes annotated with @Configuration.
2020-02-21 18:49:19.684  INFO 1804 --- [    Test worker] .b.t.c.SpringBootTestContextBootstrapper : Found @SpringBootConfiguration com.hyemin.book.Application for test class com.hyemin.book.web.IndexControllerTest
2020-02-21 18:49:19.687  INFO 1804 --- [    Test worker] .b.t.c.SpringBootTestContextBootstrapper : Loaded default TestExecutionListener class names from location [META-INF/spring.factories]: [org.springframework.security.test.context.support.WithSecurityContextTestExecutionListener, org.springframework.security.test.context.support.ReactorContextTestExecutionListener, org.springframework.boot.test.autoconfigure.restdocs.RestDocsTestExecutionListener, org.springframework.boot.test.autoconfigure.web.client.MockRestServiceServerResetTestExecutionListener, org.springframework.boot.test.autoconfigure.web.servlet.MockMvcPrintOnlyOnFailureTestExecutionListener, org.springframework.boot.test.autoconfigure.web.servlet.WebDriverTestExecutionListener, org.springframework.boot.test.mock.mockito.MockitoTestExecutionListener, org.springframework.boot.test.mock.mockito.ResetMocksTestExecutionListener, org.springframework.test.context.web.ServletTestExecutionListener, org.springframework.test.context.support.DirtiesContextBeforeModesTestExecutionListener, org.springframework.test.context.support.DependencyInjectionTestExecutionListener, org.springframework.test.context.support.DirtiesContextTestExecutionListener, org.springframework.test.context.transaction.TransactionalTestExecutionListener, org.springframework.test.context.jdbc.SqlScriptsTestExecutionListener]
2020-02-21 18:49:19.689  INFO 1804 --- [    Test worker] .b.t.c.SpringBootTestContextBootstrapper : Using TestExecutionListeners: [org.springframework.test.context.web.ServletTestExecutionListener@2a84e270, org.springframework.test.context.support.DirtiesContextBeforeModesTestExecutionListener@186d4ee0, org.springframework.boot.test.mock.mockito.MockitoTestExecutionListener@24094232, org.springframework.boot.test.autoconfigure.SpringBootDependencyInjectionTestExecutionListener@1c2b1222, org.springframework.test.context.support.DirtiesContextTestExecutionListener@1131f4b5, org.springframework.test.context.transaction.TransactionalTestExecutionListener@6359a23d, org.springframework.test.context.jdbc.SqlScriptsTestExecutionListener@daf64b6, org.springframework.security.test.context.support.WithSecurityContextTestExecutionListener@49d1cd23, org.springframework.security.test.context.support.ReactorContextTestExecutionListener@57db0cf0, org.springframework.boot.test.autoconfigure.restdocs.RestDocsTestExecutionListener@793d147c, org.springframework.boot.test.autoconfigure.web.client.MockRestServiceServerResetTestExecutionListener@f414539, org.springframework.boot.test.autoconfigure.web.servlet.MockMvcPrintOnlyOnFailureTestExecutionListener@483e3927, org.springframework.boot.test.autoconfigure.web.servlet.WebDriverTestExecutionListener@478d005c, org.springframework.boot.test.mock.mockito.ResetMocksTestExecutionListener@56826225]

  .   ____          _            __ _ _
 /\\ / ___'_ __ _ _(_)_ __  __ _ \ \ \ \
( ( )\___ | '_ | '_| | '_ \/ _` | \ \ \ \
 \\/  ___)| |_)| | | | | || (_| |  ) ) ) )
  '  |____| .__|_| |_|_| |_\__, | / / / /
 =========|_|==============|___/=/_/_/_/
 :: Spring Boot ::        (v2.1.9.RELEASE)

2020-02-21 18:49:19.779  INFO 1804 --- [    Test worker] com.hyemin.book.web.IndexControllerTest  : Starting IndexControllerTest on DESKTOP-QN8T3CI with PID 1804 (started by lkm in C:\Users\lkm\Desktop\hyemin)
2020-02-21 18:49:19.781  INFO 1804 --- [    Test worker] com.hyemin.book.web.IndexControllerTest  : No active profile set, falling back to default profiles: default
2020-02-21 18:49:20.317  INFO 1804 --- [    Test worker] .s.d.r.c.RepositoryConfigurationDelegate : Bootstrapping Spring Data repositories in DEFAULT mode.
2020-02-21 18:49:20.363  INFO 1804 --- [    Test worker] .s.d.r.c.RepositoryConfigurationDelegate : Finished Spring Data repository scanning in 45ms. Found 2 repository interfaces.
2020-02-21 18:49:20.569  INFO 1804 --- [    Test worker] trationDelegate$BeanPostProcessorChecker : Bean 'org.springframework.transaction.annotation.ProxyTransactionManagementConfiguration' of type [org.springframework.transaction.annotation.ProxyTransactionManagementConfiguration$$EnhancerBySpringCGLIB$$3673f1b5] is not eligible for getting processed by all BeanPostProcessors (for example: not eligible for auto-proxying)
2020-02-21 18:49:21.101  INFO 1804 --- [    Test worker] o.s.b.w.embedded.tomcat.TomcatWebServer  : Tomcat initialized with port(s): 0 (http)
2020-02-21 18:49:21.164  INFO 1804 --- [    Test worker] o.apache.catalina.core.StandardService   : Starting service [Tomcat]
2020-02-21 18:49:21.165  INFO 1804 --- [    Test worker] org.apache.catalina.core.StandardEngine  : Starting Servlet engine: [Apache Tomcat/9.0.26]
2020-02-21 18:49:21.457  INFO 1804 --- [    Test worker] o.a.c.c.C.[Tomcat].[localhost].[/]       : Initializing Spring embedded WebApplicationContext
2020-02-21 18:49:21.458  INFO 1804 --- [    Test worker] o.s.web.context.ContextLoader            : Root WebApplicationContext: initialization completed in 1670 ms
2020-02-21 18:49:21.767  INFO 1804 --- [    Test worker] com.zaxxer.hikari.HikariDataSource       : HikariPool-2 - Starting...
2020-02-21 18:49:21.769  INFO 1804 --- [    Test worker] com.zaxxer.hikari.HikariDataSource       : HikariPool-2 - Start completed.
2020-02-21 18:49:21.841  INFO 1804 --- [    Test worker] o.hibernate.jpa.internal.util.LogHelper  : HHH000204: Processing PersistenceUnitInfo [
	name: default
	...]
2020-02-21 18:49:21.864  INFO 1804 --- [    Test worker] org.hibernate.dialect.Dialect            : HHH000400: Using dialect: org.hibernate.dialect.MySQL5InnoDBDialect
Hibernate: drop table if exists posts
Hibernate: drop table if exists user
Hibernate: create table posts (id bigint not null auto_increment, created_date datetime, modified_date datetime, author varchar(255), content TEXT not null, title varchar(500) not null, primary key (id)) engine=InnoDB
Hibernate: create table user (name varchar(255) not null auto_increment, email varchar(255), picture varchar(255), role varchar(255) not null, primary key (name)) engine=InnoDB
2020-02-21 18:49:21.942  INFO 1804 --- [    Test worker] o.h.t.schema.internal.SchemaCreatorImpl  : HHH000476: Executing import script 'org.hibernate.tool.schema.internal.exec.ScriptSourceInputNonExistentImpl@107829ba'
2020-02-21 18:49:21.943  INFO 1804 --- [    Test worker] j.LocalContainerEntityManagerFactoryBean : Initialized JPA EntityManagerFactory for persistence unit 'default'
2020-02-21 18:49:23.100  INFO 1804 --- [    Test worker] o.h.h.i.QueryTranslatorFactoryInitiator  : HHH000397: Using ASTQueryTranslatorFactory
2020-02-21 18:49:23.318  INFO 1804 --- [    Test worker] o.s.s.web.DefaultSecurityFilterChain     : Creating filter chain: any request, [org.springframework.security.web.context.request.async.WebAsyncManagerIntegrationFilter@2c70ffd0, org.springframework.security.web.context.SecurityContextPersistenceFilter@585995f0, org.springframework.security.web.header.HeaderWriterFilter@1f12c2e7, org.springframework.security.web.authentication.logout.LogoutFilter@201a9399, org.springframework.security.oauth2.client.web.OAuth2AuthorizationRequestRedirectFilter@6eae7999, org.springframework.security.oauth2.client.web.OAuth2LoginAuthenticationFilter@5b066348, org.springframework.security.web.authentication.ui.DefaultLoginPageGeneratingFilter@34f876e3, org.springframework.security.web.authentication.ui.DefaultLogoutPageGeneratingFilter@15ed5898, org.springframework.security.web.savedrequest.RequestCacheAwareFilter@23c6396e, org.springframework.security.web.servletapi.SecurityContextHolderAwareRequestFilter@2a4ac20b, org.springframework.security.web.authentication.AnonymousAuthenticationFilter@892890d, org.springframework.security.web.session.SessionManagementFilter@3145ed2c, org.springframework.security.web.access.ExceptionTranslationFilter@c7ee346, org.springframework.security.web.access.intercept.FilterSecurityInterceptor@299206c0]
2020-02-21 18:49:23.643  INFO 1804 --- [    Test worker] o.s.s.concurrent.ThreadPoolTaskExecutor  : Initializing ExecutorService 'applicationTaskExecutor'
2020-02-21 18:49:23.661  WARN 1804 --- [    Test worker] aWebConfiguration$JpaWebMvcConfiguration : spring.jpa.open-in-view is enabled by default. Therefore, database queries may be performed during view rendering. Explicitly configure spring.jpa.open-in-view to disable this warning
2020-02-21 18:49:23.701  INFO 1804 --- [    Test worker] o.s.b.a.w.s.WelcomePageHandlerMapping    : Adding welcome page template: index
2020-02-21 18:49:24.226  INFO 1804 --- [    Test worker] s.a.ScheduledAnnotationBeanPostProcessor : No TaskScheduler/ScheduledExecutorService bean found for scheduled processing
2020-02-21 18:49:24.265  INFO 1804 --- [    Test worker] o.s.b.w.embedded.tomcat.TomcatWebServer  : Tomcat started on port(s): 54086 (http) with context path ''
2020-02-21 18:49:24.266  INFO 1804 --- [    Test worker] com.hyemin.book.web.IndexControllerTest  : Started IndexControllerTest in 4.572 seconds (JVM running for 17.582)
2020-02-21 18:49:24.487  INFO 1804 --- [o-auto-1-exec-1] o.a.c.c.C.[Tomcat].[localhost].[/]       : Initializing Spring DispatcherServlet 'dispatcherServlet'
2020-02-21 18:49:24.488  INFO 1804 --- [o-auto-1-exec-1] o.s.web.servlet.DispatcherServlet        : Initializing Servlet 'dispatcherServlet'
2020-02-21 18:49:24.529  INFO 1804 --- [o-auto-1-exec-1] o.s.web.servlet.DispatcherServlet        : Completed initialization in 41 ms
Hibernate: select posts0_.id as id1_0_, posts0_.created_date as created_2_0_, posts0_.modified_date as modified3_0_, posts0_.author as author4_0_, posts0_.content as content5_0_, posts0_.title as title6_0_ from posts posts0_ order by posts0_.id DESC
]]></system-out>
  <system-err><![CDATA[]]></system-err>
</testsuite>
